{
  "RSpec": {
    "coverage": {
      "/Users/saundra/turing/2module/practice/b2-final-2010/app/models/competition.rb": {
        "lines": [
          1,
          1,
          1,
          null
        ]
      },
      "/Users/saundra/turing/2module/practice/b2-final-2010/app/models/application_record.rb": {
        "lines": [
          1,
          1,
          null
        ]
      },
      "/Users/saundra/turing/2module/practice/b2-final-2010/app/controllers/competitions_controller.rb": {
        "lines": [
          1,
          1,
          0,
          null,
          1,
          1,
          null,
          null
        ]
      },
      "/Users/saundra/turing/2module/practice/b2-final-2010/app/controllers/application_controller.rb": {
        "lines": [
          1,
          null
        ]
      }
    },
    "timestamp": 1611075955
  }
}
